# JRE version: Java(TM) SE Runtime Environment (8.0_60-b27) (build 1.8.0_60-b27)
# Java VM: Java HotSpot(TM) 64-Bit Server VM (25.60-b23 mixed mode linux-amd64 compressed oops)
Heap:
 PSYoungGen      total 199680K, used 13793K [0x00000000d9580000, 0x00000000e6780000, 0x0000000100000000)
  eden space 185856K, 0% used [0x00000000d9580000,0x00000000d9580000,0x00000000e4b00000)
  from space 13824K, 99% used [0x00000000e4c80000,0x00000000e59f84a8,0x00000000e5a00000)
  to   space 12288K, 0% used [0x00000000e5b80000,0x00000000e5b80000,0x00000000e6780000)
 ParOldGen       total 59392K, used 14034K [0x000000008c000000, 0x000000008fa00000, 0x00000000d9580000)
  object space 59392K, 23% used [0x000000008c000000,0x000000008cdb48b0,0x000000008fa00000)
 Metaspace       used 34752K, capacity 35222K, committed 35456K, reserved 1079296K
  class space    used 4492K, capacity 4624K, committed 4736K, reserved 1048576K
GC Heap History (10 events):
Event: 4.153 GC heap after
Heap after GC invocations=5 (full 0):
 PSYoungGen      total 65024K, used 4592K [0x00000000d9580000, 0x00000000e2380000, 0x0000000100000000)
  eden space 60416K, 0% used [0x00000000d9580000,0x00000000d9580000,0x00000000dd080000)
  from space 4608K, 99% used [0x00000000dd080000,0x00000000dd4fc030,0x00000000dd500000)
  to   space 12288K, 0% used [0x00000000e1780000,0x00000000e1780000,0x00000000e2380000)
 ParOldGen       total 79360K, used 12842K [0x000000008c000000, 0x0000000090d80000, 0x00000000d9580000)
  object space 79360K, 16% used [0x000000008c000000,0x000000008cc8a908,0x0000000090d80000)
 Metaspace       used 19416K, capacity 19690K, committed 19968K, reserved 1067008K
  class space    used 2451K, capacity 2503K, committed 2560K, reserved 1048576K
}
Event: 4.467 GC heap before
{Heap before GC invocations=6 (full 0):
 PSYoungGen      total 65024K, used 24610K [0x00000000d9580000, 0x00000000e2380000, 0x0000000100000000)
  eden space 60416K, 33% used [0x00000000d9580000,0x00000000da90c948,0x00000000dd080000)
  from space 4608K, 99% used [0x00000000dd080000,0x00000000dd4fc030,0x00000000dd500000)
  to   space 12288K, 0% used [0x00000000e1780000,0x00000000e1780000,0x00000000e2380000)
 ParOldGen       total 79360K, used 12842K [0x000000008c000000, 0x0000000090d80000, 0x00000000d9580000)
  object space 79360K, 16% used [0x000000008c000000,0x000000008cc8a908,0x0000000090d80000)
 Metaspace       used 20823K, capacity 21140K, committed 21296K, reserved 1069056K
  class space    used 2608K, capacity 2665K, committed 2688K, reserved 1048576K
Event: 4.495 GC heap after
Heap after GC invocations=6 (full 0):
 PSYoungGen      total 131072K, used 6406K [0x00000000d9580000, 0x00000000e2180000, 0x0000000100000000)
  eden space 120832K, 0% used [0x00000000d9580000,0x00000000d9580000,0x00000000e0b80000)
  from space 10240K, 62% used [0x00000000e1780000,0x00000000e1dc1858,0x00000000e2180000)
  to   space 11264K, 0% used [0x00000000e0b80000,0x00000000e0b80000,0x00000000e1680000)
 ParOldGen       total 79360K, used 12850K [0x000000008c000000, 0x0000000090d80000, 0x00000000d9580000)
  object space 79360K, 16% used [0x000000008c000000,0x000000008cc8c908,0x0000000090d80000)
 Metaspace       used 20823K, capacity 21140K, committed 21296K, reserved 1069056K
  class space    used 2608K, capacity 2665K, committed 2688K, reserved 1048576K
}
Event: 4.495 GC heap before
{Heap before GC invocations=7 (full 1):
 PSYoungGen      total 131072K, used 6406K [0x00000000d9580000, 0x00000000e2180000, 0x0000000100000000)
  eden space 120832K, 0% used [0x00000000d9580000,0x00000000d9580000,0x00000000e0b80000)
  from space 10240K, 62% used [0x00000000e1780000,0x00000000e1dc1858,0x00000000e2180000)
  to   space 11264K, 0% used [0x00000000e0b80000,0x00000000e0b80000,0x00000000e1680000)
 ParOldGen       total 79360K, used 12850K [0x000000008c000000, 0x0000000090d80000, 0x00000000d9580000)
  object space 79360K, 16% used [0x000000008c000000,0x000000008cc8c908,0x0000000090d80000)
 Metaspace       used 20823K, capacity 21140K, committed 21296K, reserved 1069056K
  class space    used 2608K, capacity 2665K, committed 2688K, reserved 1048576K
Event: 4.611 GC heap after
Heap after GC invocations=7 (full 1):
 PSYoungGen      total 131072K, used 0K [0x00000000d9580000, 0x00000000e2180000, 0x0000000100000000)
  eden space 120832K, 0% used [0x00000000d9580000,0x00000000d9580000,0x00000000e0b80000)
  from space 10240K, 0% used [0x00000000e1780000,0x00000000e1780000,0x00000000e2180000)
  to   space 11264K, 0% used [0x00000000e0b80000,0x00000000e0b80000,0x00000000e1680000)
 ParOldGen       total 59392K, used 10584K [0x000000008c000000, 0x000000008fa00000, 0x00000000d9580000)
  object space 59392K, 17% used [0x000000008c000000,0x000000008ca561b8,0x000000008fa00000)
 Metaspace       used 20823K, capacity 21140K, committed 21296K, reserved 1069056K
  class space    used 2608K, capacity 2665K, committed 2688K, reserved 1048576K
}
Event: 9.063 GC heap before
{Heap before GC invocations=8 (full 1):
 PSYoungGen      total 131072K, used 120832K [0x00000000d9580000, 0x00000000e2180000, 0x0000000100000000)
  eden space 120832K, 100% used [0x00000000d9580000,0x00000000e0b80000,0x00000000e0b80000)
  from space 10240K, 0% used [0x00000000e1780000,0x00000000e1780000,0x00000000e2180000)
  to   space 11264K, 0% used [0x00000000e0b80000,0x00000000e0b80000,0x00000000e1680000)
 ParOldGen       total 59392K, used 10584K [0x000000008c000000, 0x000000008fa00000, 0x00000000d9580000)
  object space 59392K, 17% used [0x000000008c000000,0x000000008ca561b8,0x000000008fa00000)
 Metaspace       used 27016K, capacity 27478K, committed 27648K, reserved 1073152K
  class space    used 3440K, capacity 3540K, committed 3584K, reserved 1048576K
Event: 9.100 GC heap after
Heap after GC invocations=8 (full 1):
 PSYoungGen      total 132096K, used 9965K [0x00000000d9580000, 0x00000000e6780000, 0x0000000100000000)
  eden space 120832K, 0% used [0x00000000d9580000,0x00000000d9580000,0x00000000e0b80000)
  from space 11264K, 88% used [0x00000000e0b80000,0x00000000e153b500,0x00000000e1680000)
  to   space 12288K, 0% used [0x00000000e5b80000,0x00000000e5b80000,0x00000000e6780000)
 ParOldGen       total 59392K, used 10592K [0x000000008c000000, 0x000000008fa00000, 0x00000000d9580000)
  object space 59392K, 17% used [0x000000008c000000,0x000000008ca581b8,0x000000008fa00000)
 Metaspace       used 27016K, capacity 27478K, committed 27648K, reserved 1073152K
  class space    used 3440K, capacity 3540K, committed 3584K, reserved 1048576K
}
Event: 13.411 GC heap before
{Heap before GC invocations=9 (full 1):
 PSYoungGen      total 132096K, used 130797K [0x00000000d9580000, 0x00000000e6780000, 0x0000000100000000)
  eden space 120832K, 100% used [0x00000000d9580000,0x00000000e0b80000,0x00000000e0b80000)
  from space 11264K, 88% used [0x00000000e0b80000,0x00000000e153b500,0x00000000e1680000)
  to   space 12288K, 0% used [0x00000000e5b80000,0x00000000e5b80000,0x00000000e6780000)
 ParOldGen       total 59392K, used 10592K [0x000000008c000000, 0x000000008fa00000, 0x00000000d9580000)
  object space 59392K, 17% used [0x000000008c000000,0x000000008ca581b8,0x000000008fa00000)
 Metaspace       used 30710K, capacity 31164K, committed 31488K, reserved 1077248K
  class space    used 3954K, capacity 4069K, committed 4096K, reserved 1048576K
Event: 13.479 GC heap after
Heap after GC invocations=9 (full 1):
 PSYoungGen      total 198144K, used 11992K [0x00000000d9580000, 0x00000000e6780000, 0x0000000100000000)
  eden space 185856K, 0% used [0x00000000d9580000,0x00000000d9580000,0x00000000e4b00000)
  from space 12288K, 97% used [0x00000000e5b80000,0x00000000e6736078,0x00000000e6780000)
  to   space 13824K, 0% used [0x00000000e4c80000,0x00000000e4c80000,0x00000000e5a00000)
 ParOldGen       total 59392K, used 10600K [0x000000008c000000, 0x000000008fa00000, 0x00000000d9580000)
  object space 59392K, 17% used [0x000000008c000000,0x000000008ca5a1b8,0x000000008fa00000)
 Metaspace       used 30710K, capacity 31164K, committed 31488K, reserved 1077248K
  class space    used 3954K, capacity 4069K, committed 4096K, reserved 1048576K
}
Event: 19.495 GC heap before
{Heap before GC invocations=10 (full 1):
 PSYoungGen      total 198144K, used 166282K [0x00000000d9580000, 0x00000000e6780000, 0x0000000100000000)
  eden space 185856K, 83% used [0x00000000d9580000,0x00000000e2c2c888,0x00000000e4b00000)
  from space 12288K, 97% used [0x00000000e5b80000,0x00000000e6736078,0x00000000e6780000)
  to   space 13824K, 0% used [0x00000000e4c80000,0x00000000e4c80000,0x00000000e5a00000)
 ParOldGen       total 59392K, used 10600K [0x000000008c000000, 0x000000008fa00000, 0x00000000d9580000)
  object space 59392K, 17% used [0x000000008c000000,0x000000008ca5a1b8,0x000000008fa00000)
 Metaspace       used 34752K, capacity 35222K, committed 35456K, reserved 1079296K
  class space    used 4492K, capacity 4624K, committed 4736K, reserved 1048576K

